\BOOKMARK [1][-]{section.1}{Introduction}{}% 1
\BOOKMARK [1][-]{section.2}{Clustering}{}% 2
\BOOKMARK [2][-]{subsection.2.1}{Clustering Methods}{section.2}% 3
\BOOKMARK [2][-]{subsection.2.2}{Summary}{section.2}% 4
\BOOKMARK [1][-]{section.3}{Subspace Clustering}{}% 5
\BOOKMARK [2][-]{subsection.3.1}{Strategies for subspace search and clustering}{section.3}% 6
\BOOKMARK [2][-]{subsection.3.2}{ Methods for subspace search and clustering}{section.3}% 7
\BOOKMARK [2][-]{subsection.3.3}{ Visualization of Clustering Results}{section.3}% 8
\BOOKMARK [2][-]{subsection.3.4}{Applications}{section.3}% 9
\BOOKMARK [2][-]{subsection.3.5}{ Evaluation}{section.3}% 10
\BOOKMARK [1][-]{section.4}{Clustering Validation}{}% 11
\BOOKMARK [1][-]{section.5}{BiClusters}{}% 12
\BOOKMARK [1][-]{section.6}{Scatter plots}{}% 13
\BOOKMARK [1][-]{section.7}{Dimension Reduction}{}% 14
\BOOKMARK [1][-]{section.8}{Association Rule Mining}{}% 15
\BOOKMARK [1][-]{section.9}{Decision Trees}{}% 16
\BOOKMARK [1][-]{section.10}{Regression Based Analysis}{}% 17
\BOOKMARK [1][-]{section.11}{Temporal Event Sequences}{}% 18
\BOOKMARK [1][-]{section.12}{Visual Analytics Healthcare}{}% 19
\BOOKMARK [1][-]{section.13}{Interactive cooperative Visual Analytics}{}% 20
